2023-12-17 23:47:32,756 INFO s.s.MainApplication [JavaFX Application Thread] Открытие стартового окна
2023-12-17 23:47:35,549 INFO s.s.HomeController [JavaFX Application Thread] Открытие нового окна
2023-12-17 23:47:35,601 INFO s.s.DatabaseHandler [JavaFX Application Thread] Запрос списка групп
2023-12-17 23:47:35,601 INFO s.s.DatabaseHandler [JavaFX Application Thread] Создание подключения к базе данных
2023-12-17 23:47:39,160 INFO s.s.DatabaseHandler [JavaFX Application Thread] Запрос списка студентов
2023-12-17 23:47:39,161 INFO s.s.DatabaseHandler [JavaFX Application Thread] Создание подключения к базе данных
2023-12-17 23:47:39,189 INFO s.s.DatabaseHandler [JavaFX Application Thread] Запрос списка практических работ
2023-12-17 23:47:39,189 INFO s.s.DatabaseHandler [JavaFX Application Thread] Создание подключения к базе данных
2023-12-17 23:47:39,209 INFO s.s.DatabaseHandler [JavaFX Application Thread] Запрос списка занятий
2023-12-17 23:47:39,209 INFO s.s.DatabaseHandler [JavaFX Application Thread] Создание подключения к базе данных
2023-12-17 23:47:39,229 INFO s.s.DatabaseHandler [JavaFX Application Thread] Запрос списка студентов
2023-12-17 23:47:39,229 INFO s.s.DatabaseHandler [JavaFX Application Thread] Создание подключения к базе данных
2023-12-17 23:47:39,240 INFO s.s.DatabaseHandler [JavaFX Application Thread] Запрос списка оценок
2023-12-17 23:47:39,241 INFO s.s.DatabaseHandler [JavaFX Application Thread] Создание подключения к базе данных
2023-12-17 23:47:39,254 INFO s.s.DatabaseHandler [JavaFX Application Thread] Запрос списка занятий ученика
2023-12-17 23:47:39,254 INFO s.s.DatabaseHandler [JavaFX Application Thread] Создание подключения к базе данных
2023-12-17 23:47:39,272 INFO s.s.DatabaseHandler [JavaFX Application Thread] Запрос списка оценок
2023-12-17 23:47:39,273 INFO s.s.DatabaseHandler [JavaFX Application Thread] Создание подключения к базе данных
2023-12-17 23:47:39,283 INFO s.s.DatabaseHandler [JavaFX Application Thread] Запрос списка занятий ученика
2023-12-17 23:47:39,283 INFO s.s.DatabaseHandler [JavaFX Application Thread] Создание подключения к базе данных
2023-12-17 23:47:39,293 INFO s.s.DatabaseHandler [JavaFX Application Thread] Запрос списка оценок
2023-12-17 23:47:39,294 INFO s.s.DatabaseHandler [JavaFX Application Thread] Создание подключения к базе данных
2023-12-17 23:47:39,304 INFO s.s.DatabaseHandler [JavaFX Application Thread] Запрос списка занятий ученика
2023-12-17 23:47:39,304 INFO s.s.DatabaseHandler [JavaFX Application Thread] Создание подключения к базе данных
2023-12-17 23:47:39,314 INFO s.s.DatabaseHandler [JavaFX Application Thread] Запрос списка оценок
2023-12-17 23:47:39,314 INFO s.s.DatabaseHandler [JavaFX Application Thread] Создание подключения к базе данных
2023-12-17 23:47:39,324 INFO s.s.DatabaseHandler [JavaFX Application Thread] Запрос списка занятий ученика
2023-12-17 23:47:39,324 INFO s.s.DatabaseHandler [JavaFX Application Thread] Создание подключения к базе данных
2023-12-17 23:47:39,359 INFO s.s.DatabaseHandler [JavaFX Application Thread] Запрос списка оценок
2023-12-17 23:47:39,360 INFO s.s.DatabaseHandler [JavaFX Application Thread] Создание подключения к базе данных
2023-12-17 23:47:39,370 INFO s.s.DatabaseHandler [JavaFX Application Thread] Запрос списка занятий ученика
2023-12-17 23:47:39,371 INFO s.s.DatabaseHandler [JavaFX Application Thread] Создание подключения к базе данных
2023-12-17 23:47:39,381 INFO s.s.DatabaseHandler [JavaFX Application Thread] Запрос списка оценок
2023-12-17 23:47:39,382 INFO s.s.DatabaseHandler [JavaFX Application Thread] Создание подключения к базе данных
2023-12-17 23:47:39,392 INFO s.s.DatabaseHandler [JavaFX Application Thread] Запрос списка занятий ученика
2023-12-17 23:47:39,392 INFO s.s.DatabaseHandler [JavaFX Application Thread] Создание подключения к базе данных
